Detecting compiler hash for triplet x64-linux...
Compiler found: /usr/bin/c++
The following packages will be built and installed:
  * asio:x64-linux@1.32.0
    gtest:x64-linux@1.17.0#2
    libharu:x64-linux@2.4.5
    libpng:x64-linux@1.6.55
    nlohmann-json:x64-linux@3.12.0#2
    restbed:x64-linux@4.8#3
    sqlite3[core,json1]:x64-linux@3.51.2
  * vcpkg-cmake:x64-linux@2024-04-23
  * vcpkg-cmake-config:x64-linux@2024-05-23
    zlib:x64-linux@1.3.1
Additional packages (*) will be modified to complete this operation.
Restored 10 package(s) from /home/adam.georgsson@fnox.it/.cache/vcpkg/archives in 178 ms. Use --debug to see more details.
Installing 1/10 vcpkg-cmake-config:x64-linux@2024-05-23...
vcpkg-cmake-config:x64-linux@2024-05-23 package ABI: 938b5e1dc7ceacf08654bef246055524d658786b56f39c96f3b23d2de8d063d3
Elapsed time to handle vcpkg-cmake-config:x64-linux: 917 us
Installing 2/10 vcpkg-cmake:x64-linux@2024-04-23...
vcpkg-cmake:x64-linux@2024-04-23 package ABI: f7cbaf4a1eecbbb1579be1e8dbbd016626910498335b8370236a4219615937b6
Elapsed time to handle vcpkg-cmake:x64-linux: 787 us
Installing 3/10 gtest:x64-linux@1.17.0#2...
gtest:x64-linux@1.17.0#2 package ABI: 4cc21124af27493ac1787e1dc10c3210a797392776b8c63de971fa570703f0b9
Elapsed time to handle gtest:x64-linux: 2.15 ms
Installing 4/10 zlib:x64-linux@1.3.1...
zlib:x64-linux@1.3.1 package ABI: 9108104ef4a02f3fbd786121dd6f8a2e8972f736c1e4c47c93a27c328e09356d
Elapsed time to handle zlib:x64-linux: 1.48 ms
Installing 5/10 libpng:x64-linux@1.6.55...
libpng:x64-linux@1.6.55 package ABI: 83277f1fcd8f5ef8406d64a8e0c8d3f1a23528e26a984d17465ae149f8b42e6b
Elapsed time to handle libpng:x64-linux: 1.37 ms
Installing 6/10 libharu:x64-linux@2.4.5...
libharu:x64-linux@2.4.5 package ABI: cb1079b7bfe3574814bb119c2300e1a72eb33dd262bbf67a4c5ec0270ad53340
Elapsed time to handle libharu:x64-linux: 1.71 ms
Installing 7/10 nlohmann-json:x64-linux@3.12.0#2...
nlohmann-json:x64-linux@3.12.0#2 package ABI: 7c59e96fb888e0ebadae627a6d1585275bf361667cc118fbee8aa504d7843976
Elapsed time to handle nlohmann-json:x64-linux: 2.3 ms
Installing 8/10 asio:x64-linux@1.32.0...
asio:x64-linux@1.32.0 package ABI: d36a93228c3e7d4e0d100b925f03f07f059faa27fa03ee8c0756d1a8e5137b57
Elapsed time to handle asio:x64-linux: 11.2 ms
Installing 9/10 restbed:x64-linux@4.8#3...
restbed:x64-linux@4.8#3 package ABI: f551148cd4f43728c413d61cb62998a5f1b5f3b68af05e906840a253b7fa2eef
Elapsed time to handle restbed:x64-linux: 2.17 ms
Installing 10/10 sqlite3[core,json1]:x64-linux@3.51.2...
sqlite3[core,json1]:x64-linux@3.51.2 package ABI: 4dc941e2eaad109ce8ac945f915da9e4a8451fbd84e43e42e119de842ea465bc
Elapsed time to handle sqlite3:x64-linux: 2.01 ms
Installed contents are licensed to you by owners. Microsoft is not responsible for, nor does it grant any licenses to, third-party packages.
Packages installed in this vcpkg installation declare the following licenses:
(AGPL-3.0-or-later OR CPL-1.0)
BSD-3-Clause
BSL-1.0
MIT
Zlib
blessing
libpng-2.0
The package gtest is compatible with built-in CMake targets:

    enable_testing()
    
    find_package(GTest CONFIG REQUIRED)
    target_link_libraries(main PRIVATE GTest::gtest GTest::gtest_main GTest::gmock GTest::gmock_main)
    
    add_test(AllTestsInMain main)

The package zlib is compatible with built-in CMake targets:

    find_package(ZLIB REQUIRED)
    target_link_libraries(main PRIVATE ZLIB::ZLIB)

libpng provides CMake targets:

  find_package(PNG REQUIRED)
  target_link_libraries(main PRIVATE PNG::PNG)

libharu provides CMake targets:

    find_package(unofficial-libharu CONFIG REQUIRED)
    target_link_libraries(main PRIVATE unofficial::libharu::hpdf)

The package nlohmann-json provides CMake targets:

    find_package(nlohmann_json CONFIG REQUIRED)
    target_link_libraries(main PRIVATE nlohmann_json::nlohmann_json)

The package nlohmann-json can be configured to not provide implicit conversions via a custom triplet file:

    set(nlohmann-json_IMPLICIT_CONVERSIONS OFF)

For more information, see the docs here:
    
    https://json.nlohmann.me/api/macros/json_use_implicit_conversions/

restbed provides CMake targets:

    find_package(unofficial-restbed CONFIG REQUIRED)
    target_link_libraries(main PRIVATE unofficial::restbed::restbed)

sqlite3 provides pkgconfig bindings.
sqlite3 provides CMake targets:

    find_package(unofficial-sqlite3 CONFIG REQUIRED)
    target_link_libraries(main PRIVATE unofficial::sqlite3::sqlite3)

All requested installations completed successfully in: 27.4 ms
