Detecting compiler hash for triplet x64-linux...
Compiler found: /usr/bin/c++
The following packages are already installed:
  * asio:x64-linux@1.32.0
    gtest:x64-linux@1.17.0#2
    libharu:x64-linux@2.4.5
    libpng:x64-linux@1.6.55
    nlohmann-json:x64-linux@3.12.0#2
    restbed:x64-linux@4.8#3
    sqlite3[core,json1]:x64-linux@3.51.2
  * vcpkg-cmake:x64-linux@2024-04-23
  * vcpkg-cmake-config:x64-linux@2024-05-23
    zlib:x64-linux@1.3.1
The package gtest is compatible with built-in CMake targets:

    enable_testing()
    
    find_package(GTest CONFIG REQUIRED)
    target_link_libraries(main PRIVATE GTest::gtest GTest::gtest_main GTest::gmock GTest::gmock_main)
    
    add_test(AllTestsInMain main)

The package zlib is compatible with built-in CMake targets:

    find_package(ZLIB REQUIRED)
    target_link_libraries(main PRIVATE ZLIB::ZLIB)

libpng provides CMake targets:

  find_package(PNG REQUIRED)
  target_link_libraries(main PRIVATE PNG::PNG)

libharu provides CMake targets:

    find_package(unofficial-libharu CONFIG REQUIRED)
    target_link_libraries(main PRIVATE unofficial::libharu::hpdf)

The package nlohmann-json provides CMake targets:

    find_package(nlohmann_json CONFIG REQUIRED)
    target_link_libraries(main PRIVATE nlohmann_json::nlohmann_json)

The package nlohmann-json can be configured to not provide implicit conversions via a custom triplet file:

    set(nlohmann-json_IMPLICIT_CONVERSIONS OFF)

For more information, see the docs here:
    
    https://json.nlohmann.me/api/macros/json_use_implicit_conversions/

restbed provides CMake targets:

    find_package(unofficial-restbed CONFIG REQUIRED)
    target_link_libraries(main PRIVATE unofficial::restbed::restbed)

sqlite3 provides pkgconfig bindings.
sqlite3 provides CMake targets:

    find_package(unofficial-sqlite3 CONFIG REQUIRED)
    target_link_libraries(main PRIVATE unofficial::sqlite3::sqlite3)

All requested installations completed successfully in: 109 us
